[    0.000000] Linux version 4.15.0-167-generic (buildd@lcy02-amd64-045) (gcc version 7.5.0 (Ubuntu 7.5.0-3ubuntu1~18.04)) #175-Ubuntu SMP Wed Jan 5 01:56:07 UTC 2022 (Ubuntu 4.15.0-167.175-generic 4.15.18)
[    0.000000] Command line: BOOT_IMAGE=/boot/vmlinuz-4.15.0-167-generic root=LABEL=cloudimg-rootfs ro console=tty1 console=ttyS0
[    0.000000] KERNEL supported cpus:
[    0.000000]   Intel GenuineIntel
[    0.000000]   AMD AuthenticAMD
[    0.000000]   Centaur CentaurHauls
[    0.000000] x86/fpu: Supporting XSAVE feature 0x001: 'x87 floating point registers'
[    0.000000] x86/fpu: Supporting XSAVE feature 0x002: 'SSE registers'
[    0.000000] x86/fpu: Supporting XSAVE feature 0x004: 'AVX registers'
[    0.000000] x86/fpu: xstate_offset[2]:  576, xstate_sizes[2]:  256
[    0.000000] x86/fpu: Enabled xstate features 0x7, context size is 832 bytes, using 'standard' format.
[    0.000000] e820: BIOS-provided physical RAM map:
[    0.000000] BIOS-e820: [mem 0x0000000000000000-0x000000000009fbff] usable
[    0.000000] BIOS-e820: [mem 0x000000000009fc00-0x000000000009ffff] reserved
[    0.000000] BIOS-e820: [mem 0x00000000000f0000-0x00000000000fffff] reserved
[    0.000000] BIOS-e820: [mem 0x0000000000100000-0x000000003ffeffff] usable
[    0.000000] BIOS-e820: [mem 0x000000003fff0000-0x000000003fffffff] ACPI data
[    0.000000] BIOS-e820: [mem 0x00000000fec00000-0x00000000fec00fff] reserved
[    0.000000] BIOS-e820: [mem 0x00000000fee00000-0x00000000fee00fff] reserved
[    0.000000] BIOS-e820: [mem 0x00000000fffc0000-0x00000000ffffffff] reserved
[    0.000000] NX (Execute Disable) protection: active
[    0.000000] SMBIOS 2.5 present.
[    0.000000] DMI: innotek GmbH VirtualBox/VirtualBox, BIOS VirtualBox 12/01/2006
[    0.000000] Hypervisor detected: KVM
[    0.000000] e820: last_pfn = 0x3fff0 max_arch_pfn = 0x400000000
[    0.000000] MTRR: Disabled
[    0.000000] x86/PAT: MTRRs disabled, skipping PAT initialization too.
[    0.000000] CPU MTRRs all blank - virtualized system.
[    0.000000] x86/PAT: Configuration [0-7]: WB  WT  UC- UC  WB  WT  UC- UC  
[    0.000000] found SMP MP-table at [mem 0x0009fff0-0x0009ffff]
[    0.000000] Scanning 1 areas for low memory corruption
[    0.000000] RAMDISK: [mem 0x35811000-0x36bfffff]
[    0.000000] ACPI: Early table checksum verification disabled
[    0.000000] ACPI: RSDP 0x00000000000E0000 000024 (v02 VBOX  )
[    0.000000] ACPI: XSDT 0x000000003FFF0030 00003C (v01 VBOX   VBOXXSDT 00000001 ASL  00000061)
[    0.000000] ACPI: FACP 0x000000003FFF00F0 0000F4 (v04 VBOX   VBOXFACP 00000001 ASL  00000061)
[    0.000000] ACPI: DSDT 0x000000003FFF0470 002325 (v02 VBOX   VBOXBIOS 00000002 INTL 20100528)
[    0.000000] ACPI: FACS 0x000000003FFF0200 000040
[    0.000000] ACPI: FACS 0x000000003FFF0200 000040
[    0.000000] ACPI: APIC 0x000000003FFF0240 00005C (v02 VBOX   VBOXAPIC 00000001 ASL  00000061)
[    0.000000] ACPI: SSDT 0x000000003FFF02A0 0001CC (v01 VBOX   VBOXCPUT 00000002 INTL 20100528)
[    0.000000] ACPI: Reserving FACP table memory at [mem 0x3fff00f0-0x3fff01e3]
[    0.000000] ACPI: Reserving DSDT table memory at [mem 0x3fff0470-0x3fff2794]
[    0.000000] ACPI: Reserving FACS table memory at [mem 0x3fff0200-0x3fff023f]
[    0.000000] ACPI: Reserving FACS table memory at [mem 0x3fff0200-0x3fff023f]
[    0.000000] ACPI: Reserving APIC table memory at [mem 0x3fff0240-0x3fff029b]
[    0.000000] ACPI: Reserving SSDT table memory at [mem 0x3fff02a0-0x3fff046b]
[    0.000000] No NUMA configuration found
[    0.000000] Faking a node at [mem 0x0000000000000000-0x000000003ffeffff]
[    0.000000] NODE_DATA(0) allocated [mem 0x3ffc5000-0x3ffeffff]
[    0.000000] kvm-clock: cpu 0, msr 0:3ff44001, primary cpu clock
[    0.000000] kvm-clock: Using msrs 4b564d01 and 4b564d00
[    0.000000] kvm-clock: using sched offset of 4642888381 cycles
[    0.000000] clocksource: kvm-clock: mask: 0xffffffffffffffff max_cycles: 0x1cd42e4dffb, max_idle_ns: 881590591483 ns
[    0.000000] Zone ranges:
[    0.000000]   DMA      [mem 0x0000000000001000-0x0000000000ffffff]
[    0.000000]   DMA32    [mem 0x0000000001000000-0x000000003ffeffff]
[    0.000000]   Normal   empty
[    0.000000]   Device   empty
[    0.000000] Movable zone start for each node
[    0.000000] Early memory node ranges
[    0.000000]   node   0: [mem 0x0000000000001000-0x000000000009efff]
[    0.000000]   node   0: [mem 0x0000000000100000-0x000000003ffeffff]
[    0.000000] Reserved but unavailable: 104 pages
[    0.000000] Initmem setup node 0 [mem 0x0000000000001000-0x000000003ffeffff]
[    0.000000] ACPI: PM-Timer IO Port: 0x4008
[    0.000000] IOAPIC[0]: apic_id 2, version 32, address 0xfec00000, GSI 0-23
[    0.000000] ACPI: INT_SRC_OVR (bus 0 bus_irq 0 global_irq 2 dfl dfl)
[    0.000000] ACPI: INT_SRC_OVR (bus 0 bus_irq 9 global_irq 9 low level)
[    0.000000] Using ACPI (MADT) for SMP configuration information
[    0.000000] smpboot: Allowing 2 CPUs, 0 hotplug CPUs
[    0.000000] PM: Registered nosave memory: [mem 0x00000000-0x00000fff]
[    0.000000] PM: Registered nosave memory: [mem 0x0009f000-0x0009ffff]
[    0.000000] PM: Registered nosave memory: [mem 0x000a0000-0x000effff]
[    0.000000] PM: Registered nosave memory: [mem 0x000f0000-0x000fffff]
[    0.000000] e820: [mem 0x40000000-0xfebfffff] available for PCI devices
[    0.000000] Booting paravirtualized kernel on KVM
[    0.000000] clocksource: refined-jiffies: mask: 0xffffffff max_cycles: 0xffffffff, max_idle_ns: 7645519600211568 ns
[    0.000000] random: get_random_bytes called from start_kernel+0x99/0x500 with crng_init=0
[    0.000000] setup_percpu: NR_CPUS:8192 nr_cpumask_bits:2 nr_cpu_ids:2 nr_node_ids:1
[    0.000000] percpu: Embedded 50 pages/cpu s167936 r8192 d28672 u1048576
[    0.000000] PV qspinlock hash table entries: 256 (order: 0, 4096 bytes)
[    0.000000] Built 1 zonelists, mobility grouping on.  Total pages: 257913
[    0.000000] Policy zone: DMA32
[    0.000000] Kernel command line: BOOT_IMAGE=/boot/vmlinuz-4.15.0-167-generic root=LABEL=cloudimg-rootfs ro console=tty1 console=ttyS0
[    0.000000] Memory: 981756K/1048120K available (12300K kernel code, 2483K rwdata, 4324K rodata, 2476K init, 2724K bss, 66364K reserved, 0K cma-reserved)
[    0.000000] SLUB: HWalign=64, Order=0-3, MinObjects=0, CPUs=2, Nodes=1
[    0.000000] Kernel/User page tables isolation: enabled
[    0.000000] ftrace: allocating 39494 entries in 155 pages
[    0.004000] Hierarchical RCU implementation.
[    0.004000] 	RCU restricting CPUs from NR_CPUS=8192 to nr_cpu_ids=2.
[    0.004000] 	Tasks RCU enabled.
[    0.004000] RCU: Adjusting geometry for rcu_fanout_leaf=16, nr_cpu_ids=2
[    0.004000] NR_IRQS: 524544, nr_irqs: 440, preallocated irqs: 16
[    0.004000] Console: colour VGA+ 80x25
[    0.004000] console [tty1] enabled
[    0.004000] console [ttyS0] enabled
[    0.004000] ACPI: Core revision 20170831
[    0.004000] ACPI: 2 ACPI AML tables successfully acquired and loaded
[    0.004000] APIC: Switch to symmetric I/O mode setup
[    0.004000] x2apic enabled
[    0.004000] Switched APIC routing to physical x2apic.
[    0.007172] ..TIMER: vector=0x30 apic1=0 pin1=2 apic2=-1 pin2=-1
[    0.008004] tsc: Detected 1992.000 MHz processor
[    0.012016] Calibrating delay loop (skipped) preset value.. 3984.00 BogoMIPS (lpj=7968000)
[    0.016004] pid_max: default: 32768 minimum: 301
[    0.017754] Security Framework initialized
[    0.020004] Yama: becoming mindful.
[    0.021375] AppArmor: AppArmor initialized
[    0.023085] Dentry cache hash table entries: 131072 (order: 8, 1048576 bytes)
[    0.024092] Inode-cache hash table entries: 65536 (order: 7, 524288 bytes)
[    0.028008] Mount-cache hash table entries: 2048 (order: 2, 16384 bytes)
[    0.030429] Mountpoint-cache hash table entries: 2048 (order: 2, 16384 bytes)
[    0.032430] Last level iTLB entries: 4KB 64, 2MB 8, 4MB 8
[    0.034374] Last level dTLB entries: 4KB 64, 2MB 0, 4MB 0, 1GB 4
[    0.036005] Spectre V1 : Mitigation: usercopy/swapgs barriers and __user pointer sanitization
[    0.039029] Spectre V2 : Mitigation: Full generic retpoline
[    0.040003] Spectre V2 : Spectre v2 / SpectreRSB mitigation: Filling RSB on context switch
[    0.044007] Speculative Store Bypass: Vulnerable
[    0.048107] SRBDS: Unknown: Dependent on hypervisor status
[    0.052006] MDS: Mitigation: Clear CPU buffers
[    0.053927] Freeing SMP alternatives memory: 36K
[    0.166483] smpboot: CPU0: Intel(R) Core(TM) i3-6006U CPU @ 2.00GHz (family: 0x6, model: 0x4e, stepping: 0x3)
[    0.168000] Performance Events: unsupported p6 CPU model 78 no PMU driver, software events only.
[    0.168051] Hierarchical SRCU implementation.
[    0.172891] NMI watchdog: Perf event create on CPU 0 failed with -2
[    0.175216] NMI watchdog: Perf NMI watchdog permanently disabled
[    0.176068] smp: Bringing up secondary CPUs ...
[    0.180127] x86: Booting SMP configuration:
[    0.181739] .... node  #0, CPUs:      #1
[    0.004000] kvm-clock: cpu 1, msr 0:3ff44041, secondary cpu clock
[    0.188039] smp: Brought up 1 node, 2 CPUs
[    0.189597] smpboot: Max logical packages: 1
[    0.191318] smpboot: Total of 2 processors activated (7968.00 BogoMIPS)
[    0.192172] devtmpfs: initialized
[    0.196087] x86/mm: Memory block size: 128MB
[    0.198094] evm: security.selinux
[    0.199471] evm: security.SMACK64
[    0.200005] evm: security.SMACK64EXEC
[    0.201506] evm: security.SMACK64TRANSMUTE
[    0.203164] evm: security.SMACK64MMAP
[    0.204004] evm: security.apparmor
[    0.205376] evm: security.ima
[    0.208003] evm: security.capability
[    0.209592] clocksource: jiffies: mask: 0xffffffff max_cycles: 0xffffffff, max_idle_ns: 7645041785100000 ns
[    0.212020] futex hash table entries: 512 (order: 3, 32768 bytes)
[    0.216060] pinctrl core: initialized pinctrl subsystem
[    0.220191] RTC time: 23:45:39, date: 02/11/22
[    0.224267] NET: Registered protocol family 16
[    0.228055] audit: initializing netlink subsys (disabled)
[    0.230267] audit: type=2000 audit(1644623145.532:1): state=initialized audit_enabled=0 res=1
[    0.232018] cpuidle: using governor ladder
[    0.233658] cpuidle: using governor menu
[    0.236067] ACPI: bus type PCI registered
[    0.237722] acpiphp: ACPI Hot Plug PCI Controller Driver version: 0.5
[    0.240180] PCI: Using configuration type 1 for base access
[    0.245809] HugeTLB registered 2.00 MiB page size, pre-allocated 0 pages
[    0.248089] ACPI: Added _OSI(Module Device)
[    0.249729] ACPI: Added _OSI(Processor Device)
[    0.252006] ACPI: Added _OSI(3.0 _SCP Extensions)
[    0.253878] ACPI: Added _OSI(Processor Aggregator Device)
[    0.256016] ACPI: Added _OSI(Linux-Dell-Video)
[    0.257769] ACPI: Added _OSI(Linux-Lenovo-NV-HDMI-Audio)
[    0.260005] ACPI: Added _OSI(Linux-HPI-Hybrid-Graphics)
[    0.264552] ACPI: Executed 1 blocks of module-level executable AML code
[    0.274019] ACPI: Interpreter enabled
[    0.275490] ACPI: (supports S0 S5)
[    0.276004] ACPI: Using IOAPIC for interrupt routing
[    0.278429] PCI: Using host bridge windows from ACPI; if necessary, use "pci=nocrs" and report a bug
[    0.280348] ACPI: Enabled 2 GPEs in block 00 to 07
[    0.297980] ACPI: PCI Root Bridge [PCI0] (domain 0000 [bus 00-ff])
[    0.300000] acpi PNP0A03:00: _OSC: OS supports [ASPM ClockPM Segments MSI]
[    0.301030] acpi PNP0A03:00: _OSC: not requesting OS control; OS requires [ExtendedConfig ASPM ClockPM MSI]
[    0.304021] acpi PNP0A03:00: fail to add MMCONFIG information, can't access extended PCI configuration space under this bridge.
[    0.312619] PCI host bridge to bus 0000:00
[    0.314297] pci_bus 0000:00: root bus resource [io  0x0000-0x0cf7 window]
[    0.316006] pci_bus 0000:00: root bus resource [io  0x0d00-0xffff window]
[    0.318478] pci_bus 0000:00: root bus resource [mem 0x000a0000-0x000bffff window]
[    0.320006] pci_bus 0000:00: root bus resource [mem 0x40000000-0xfdffffff window]
[    0.322929] pci_bus 0000:00: root bus resource [bus 00-ff]
[    0.329945] pci 0000:00:01.1: legacy IDE quirk: reg 0x10: [io  0x01f0-0x01f7]
[    0.332005] pci 0000:00:01.1: legacy IDE quirk: reg 0x14: [io  0x03f6]
[    0.334518] pci 0000:00:01.1: legacy IDE quirk: reg 0x18: [io  0x0170-0x0177]
[    0.336005] pci 0000:00:01.1: legacy IDE quirk: reg 0x1c: [io  0x0376]
[    0.362944] pci 0000:00:07.0: quirk: [io  0x4000-0x403f] claimed by PIIX4 ACPI
[    0.364027] pci 0000:00:07.0: quirk: [io  0x4100-0x410f] claimed by PIIX4 SMB
[    0.377678] ACPI: PCI Interrupt Link [LNKA] (IRQs 5 9 10 *11)
[    0.380375] ACPI: PCI Interrupt Link [LNKB] (IRQs 5 9 *10 11)
[    0.382617] ACPI: PCI Interrupt Link [LNKC] (IRQs 5 *9 10 11)
[    0.384276] ACPI: PCI Interrupt Link [LNKD] (IRQs 5 9 10 *11)
[    0.388152] SCSI subsystem initialized
[    0.389760] pci 0000:00:02.0: vgaarb: setting as boot VGA device
[    0.390166] pci 0000:00:02.0: vgaarb: VGA device added: decodes=io+mem,owns=io+mem,locks=none
[    0.392009] pci 0000:00:02.0: vgaarb: bridge control possible
[    0.396004] vgaarb: loaded
[    0.397740] ACPI: bus type USB registered
[    0.400039] usbcore: registered new interface driver usbfs
[    0.402058] usbcore: registered new interface driver hub
[    0.404015] usbcore: registered new device driver usb
[    0.405991] EDAC MC: Ver: 3.0.0
[    0.408408] PCI: Using ACPI for IRQ routing
[    0.410168] NetLabel: Initializing
[    0.412005] NetLabel:  domain hash size = 128
[    0.413817] NetLabel:  protocols = UNLABELED CIPSOv4 CALIPSO
[    0.416030] NetLabel:  unlabeled traffic allowed by default
[    0.420110] clocksource: Switched to clocksource kvm-clock
[    0.450644] VFS: Disk quotas dquot_6.6.0
[    0.452219] VFS: Dquot-cache hash table entries: 512 (order 0, 4096 bytes)
[    0.454796] AppArmor: AppArmor Filesystem Enabled
[    0.456629] pnp: PnP ACPI init
[    0.459938] pnp: PnP ACPI: found 3 devices
[    0.472836] clocksource: acpi_pm: mask: 0xffffff max_cycles: 0xffffff, max_idle_ns: 2085701024 ns
[    0.476061] NET: Registered protocol family 2
[    0.477996] IP idents hash table entries: 16384 (order: 5, 131072 bytes)
[    0.485548] TCP established hash table entries: 8192 (order: 4, 65536 bytes)
[    0.488284] TCP bind hash table entries: 8192 (order: 5, 131072 bytes)
[    0.490747] TCP: Hash tables configured (established 8192 bind 8192)
[    0.493051] UDP hash table entries: 512 (order: 2, 16384 bytes)
[    0.495098] UDP-Lite hash table entries: 512 (order: 2, 16384 bytes)
[    0.497504] NET: Registered protocol family 1
[    0.499081] pci 0000:00:00.0: Limiting direct PCI/PCI transfers
[    0.501267] pci 0000:00:01.0: Activating ISA DMA hang workarounds
[    0.503476] pci 0000:00:02.0: Video device with shadowed ROM at [mem 0x000c0000-0x000dffff]
[    0.506618] Unpacking initramfs...
[    1.093223] Freeing initrd memory: 20412K
[    1.094981] clocksource: tsc: mask: 0xffffffffffffffff max_cycles: 0x396d519840e, max_idle_ns: 881590569543 ns
[    1.098986] platform rtc_cmos: registered platform RTC device (no PNP device found)
[    1.102089] Scanning for low memory corruption every 60 seconds
[    1.105396] Initialise system trusted keyrings
[    1.107166] Key type blacklist registered
[    1.109116] workingset: timestamp_bits=36 max_order=18 bucket_order=0
[    1.113327] zbud: loaded
[    1.115368] squashfs: version 4.0 (2009/01/31) Phillip Lougher
[    1.118273] fuse init (API version 7.26)
[    1.125105] Key type asymmetric registered
[    1.126615] Asymmetric key parser 'x509' registered
[    1.128418] Block layer SCSI generic (bsg) driver version 0.4 loaded (major 246)
[    1.131252] io scheduler noop registered
[    1.132847] io scheduler deadline registered
[    1.134428] io scheduler cfq registered (default)
[    1.136624] ACPI: AC Adapter [AC] (on-line)
[    1.138216] input: Power Button as /devices/LNXSYSTM:00/LNXPWRBN:00/input/input0
[    1.141080] ACPI: Power Button [PWRF]
[    1.142556] input: Sleep Button as /devices/LNXSYSTM:00/LNXSLPBN:00/input/input1
[    1.145315] ACPI: Sleep Button [SLPF]
[    1.148283] Serial: 8250/16550 driver, 32 ports, IRQ sharing enabled
[    1.148677] ACPI: Battery Slot [BAT0] (battery present)
[    1.174456] 00:02: ttyS0 at I/O 0x3f8 (irq = 4, base_baud = 115200) is a 16550A
[    1.179557] Linux agpgart interface v0.103
[    1.183162] loop: module loaded
[    1.185652] scsi host0: ata_piix
[    1.187373] scsi host1: ata_piix
[    1.188837] ata1: PATA max UDMA/33 cmd 0x1f0 ctl 0x3f6 bmdma 0xd000 irq 14
[    1.191354] ata2: PATA max UDMA/33 cmd 0x170 ctl 0x376 bmdma 0xd008 irq 15
[    1.194112] libphy: Fixed MDIO Bus: probed
[    1.196037] tun: Universal TUN/TAP device driver, 1.6
[    1.198116] PPP generic driver version 2.4.2
[    1.199886] ehci_hcd: USB 2.0 'Enhanced' Host Controller (EHCI) Driver
[    1.202365] ehci-pci: EHCI PCI platform driver
[    1.204190] ehci-platform: EHCI generic platform driver
[    1.206283] ohci_hcd: USB 1.1 'Open' Host Controller (OHCI) Driver
[    1.208597] ohci-pci: OHCI PCI platform driver
[    1.210456] ohci-platform: OHCI generic platform driver
[    1.212538] uhci_hcd: USB Universal Host Controller Interface driver
[    1.215122] i8042: PNP: PS/2 Controller [PNP0303:PS2K,PNP0f03:PS2M] at 0x60,0x64 irq 1,12
[    1.219083] serio: i8042 KBD port at 0x60,0x64 irq 1
[    1.221095] serio: i8042 AUX port at 0x60,0x64 irq 12
[    1.223135] mousedev: PS/2 mouse device common for all mice
[    1.225809] input: AT Translated Set 2 keyboard as /devices/platform/i8042/serio0/input/input2
[    1.229909] rtc_cmos rtc_cmos: rtc core: registered rtc_cmos as rtc0
[    1.232457] rtc_cmos rtc_cmos: alarms up to one day, 114 bytes nvram
[    1.234751] i2c /dev entries driver
[    1.236257] device-mapper: uevent: version 1.0.3
[    1.238170] device-mapper: ioctl: 4.37.0-ioctl (2017-09-20) initialised: dm-devel@redhat.com
[    1.241407] ledtrig-cpu: registered to indicate activity on CPUs
[    1.244367] NET: Registered protocol family 10
[    1.251747] Segment Routing with IPv6
[    1.253277] NET: Registered protocol family 17
[    1.255152] Key type dns_resolver registered
[    1.257175] mce: Using 0 MCE banks
[    1.258553] RAS: Correctable Errors collector initialized.
[    1.260720] sched_clock: Marking stable (1260680125, 0)->(1627186809, -366506684)
[    1.264360] registered taskstats version 1
[    1.265927] Loading compiled-in X.509 certificates
[    1.271352] Loaded X.509 cert 'Build time autogenerated kernel key: 51c91b167e8daada285dd448a981da05683ebd03'
[    1.275833] Loaded X.509 cert 'Canonical Ltd. Live Patch Signing: 14df34d1a87cf37625abec039ef2bf521249b969'
[    1.280341] Loaded X.509 cert 'Canonical Ltd. Kernel Module Signing: 88f752e560a1e0737e31163a466ad7b70a850c19'
[    1.284026] blacklist: Loading compiled-in revocation X.509 certificates
[    1.286442] Loaded X.509 cert 'Canonical Ltd. Secure Boot Signing: 61482aa2830d0ab2ad5af10b7250da9033ddcef0'
[    1.290431] zswap: loaded using pool lzo/zbud
[    1.298114] Key type big_key registered
[    1.299609] Key type trusted registered
[    1.303736] Key type encrypted registered
[    1.305337] AppArmor: AppArmor sha1 policy hashing enabled
[    1.307273] ima: No TPM chip found, activating TPM-bypass! (rc=-19)
[    1.309560] ima: Allocated hash algorithm: sha1
[    1.311227] evm: HMAC attrs: 0x1
[    1.312948]   Magic number: 10:478:807
[    1.314355] misc snapshot: hash matches
[    1.315921] rtc_cmos rtc_cmos: setting system clock to 2022-02-11 23:45:40 UTC (1644623140)
[    1.319151] BIOS EDD facility v0.16 2004-Jun-25, 0 devices found
[    1.321365] EDD information not available.
[    1.495601] Freeing unused kernel image memory: 2476K
[    1.960076] Write protecting the kernel read-only data: 20480k
[    1.964567] Freeing unused kernel image memory: 2008K
[    1.968332] Freeing unused kernel image memory: 1820K
[    1.995083] x86/mm: Checked W+X mappings: passed, no W+X pages found.
[    1.999622] x86/mm: Checking user space page tables
[    2.022818] x86/mm: Checked W+X mappings: passed, no W+X pages found.
Loading, please wait...
starting version 237
[    2.162857] e1000: Intel(R) PRO/1000 Network Driver - version 7.3.21-k8-NAPI
[    2.196252] e1000: Copyright (c) 1999-2006 Intel Corporation.
[    2.205867] Fusion MPT base driver 3.04.20
[    2.208126] Copyright (c) 1999-2008 LSI Corporation
[    2.218055] vboxvideo: loading out-of-tree module taints kernel.
[    2.223648] vboxvideo: module verification failed: signature and/or required key missing - tainting kernel
[    2.234871] Fusion MPT SPI Host driver 3.04.20
[    2.238721] vboxvideo: loading version 6.1.32 r149290
[    2.253660] AVX2 version of gcm_enc/dec engaged.
[    2.256448] AES CTR mode by8 optimization enabled
[    2.458064] input: ImExPS/2 Generic Explorer Mouse as /devices/platform/i8042/serio1/input/input4
[    2.993353] e1000 0000:00:03.0 eth0: (PCI:33MHz:32-bit) 02:e8:64:37:14:18
[    2.995819] e1000 0000:00:03.0 eth0: Intel(R) PRO/1000 Network Connection
[    3.000268] mptbase: ioc0: Initiating bringup
[    3.000400] e1000 0000:00:03.0 enp0s3: renamed from eth0
[    3.109624] ioc0: LSI53C1030 A0: Capabilities={Initiator}
[    3.363757] scsi host2: ioc0: LSI53C1030 A0, FwRev=00000000h, Ports=1, MaxQ=256, IRQ=20
[    3.541953] scsi 2:0:0:0: Direct-Access     VBOX     HARDDISK         1.0  PQ: 0 ANSI: 5
[    3.550304] [drm] VRAM 01000000
[    3.552162] [TTM] Zone  kernel: Available graphics memory: 504254 kiB
[    3.554750] [TTM] Initializing pool allocator
[    3.556605] [TTM] Initializing DMA pool allocator
[    3.561529] fbcon: vboxdrmfb (fb0) is primary device
[    3.564795] Console: switching to colour frame buffer device 100x37
[    3.569309] vboxvideo 0000:00:02.0: fb0: vboxdrmfb frame buffer device
[    3.580552] scsi target2:0:0: Beginning Domain Validation
[    3.587034] scsi target2:0:0: Domain Validation skipping write tests
[    3.588679] scsi target2:0:0: Ending Domain Validation
[    3.590033] [drm] Initialized vboxvideo 1.0.0 20130823 for 0000:00:02.0 on minor 0
[    3.592155] scsi target2:0:0: asynchronous
[    3.594379] scsi 2:0:1:0: Direct-Access     VBOX     HARDDISK         1.0  PQ: 0 ANSI: 5
[    3.636735] scsi target2:0:1: Beginning Domain Validation
[    3.640853] random: fast init done
[    3.644094] scsi target2:0:1: Domain Validation skipping write tests
[    3.645867] scsi target2:0:1: Ending Domain Validation
[    3.647756] scsi target2:0:1: asynchronous
[    3.658184] random: systemd-udevd: uninitialized urandom read (16 bytes read)
[    3.660741] random: systemd-udevd: uninitialized urandom read (16 bytes read)
[    3.663141] random: systemd-udevd: uninitialized urandom read (16 bytes read)
[    3.665700] sd 2:0:0:0: Attached scsi generic sg0 type 0
[    3.668039] sd 2:0:0:0: [sda] 83886080 512-byte logical blocks: (42.9 GB/40.0 GiB)
[    3.670628] sd 2:0:0:0: [sda] Write Protect is off
[    3.672874] sd 2:0:0:0: [sda] Incomplete mode parameter data
[    3.674737] sd 2:0:0:0: [sda] Assuming drive cache: write through
[    3.677216] sd 2:0:1:0: Attached scsi generic sg1 type 0
[    3.677345] sd 2:0:1:0: [sdb] 20480 512-byte logical blocks: (10.5 MB/10.0 MiB)
[    3.682662] sd 2:0:1:0: [sdb] Write Protect is off
[    3.684695] sd 2:0:1:0: [sdb] Incomplete mode parameter data
[    3.686746] sd 2:0:1:0: [sdb] Assuming drive cache: write through
[    3.691244]  sda: sda1
[    3.693340] sd 2:0:1:0: [sdb] Attached SCSI disk
[    3.697053] sd 2:0:0:0: [sda] Attached SCSI disk
Begin: Loading essential drivers ... [    4.028071] raid6: sse2x1   gen()  6742 MB/s
[    4.076048] raid6: sse2x1   xor()  4550 MB/s
[    4.124101] raid6: sse2x2   gen()  8409 MB/s
[    4.172107] raid6: sse2x2   xor()  5667 MB/s
[    4.220071] raid6: sse2x4   gen()  9720 MB/s
[    4.268068] raid6: sse2x4   xor()  4455 MB/s
[    4.316073] raid6: avx2x1   gen()  9091 MB/s
[    4.364068] raid6: avx2x1   xor()  7122 MB/s
[    4.412080] raid6: avx2x2   gen() 14631 MB/s
[    4.460102] raid6: avx2x2   xor() 10332 MB/s
[    4.508027] raid6: avx2x4   gen() 18867 MB/s
[    4.556070] raid6: avx2x4   xor() 11774 MB/s
[    4.557668] raid6: using algorithm avx2x4 gen() 18867 MB/s
[    4.559609] raid6: .... xor() 11774 MB/s, rmw enabled
[    4.561580] raid6: using avx2x2 recovery algorithm
[    4.565023] xor: automatically using best checksumming function   avx       
[    4.568795] async_tx: api initialized (async)
done.
Begin: Running /scripts/init-premount ... done.
Begin: Mounting root file system ... Begin: Running /scripts/local-top ... done.
Begin: Running /scripts/local-premount ... [    4.647818] Btrfs loaded, crc32c=crc32c-intel
Scanning for Btrfs filesystems
done.
Begin: Will now check root file system ... fsck from util-linux 2.31.1
[/sbin/fsck.ext4 (1) -- /dev/sda1] fsck.ext4 -a -C0 /dev/sda1 
cloudimg-rootfs: clean, 102907/5120000 files, 792414/10485499 blocks
done.
[    4.720178] EXT4-fs (sda1): mounted filesystem with ordered data mode. Opts: (null)
done.
Begin: Running /scripts/local-bottom ... done.
Begin: Running /scripts/init-bottom ... done.
[    5.033204] ip_tables: (C) 2000-2006 Netfilter Core Team
[    5.051348] systemd[1]: systemd 237 running in system mode. (+PAM +AUDIT +SELINUX +IMA +APPARMOR +SMACK +SYSVINIT +UTMP +LIBCRYPTSETUP +GCRYPT +GNUTLS +ACL +XZ +LZ4 +SECCOMP +BLKID +ELFUTILS +KMOD -IDN2 +IDN -PCRE2 default-hierarchy=hybrid)
[    5.060555] systemd[1]: Detected virtualization oracle.
[    5.062510] systemd[1]: Detected architecture x86-64.

Welcome to [1mUbuntu 18.04.6 LTS[0m!

[    5.075892] systemd[1]: Set hostname to <ubuntu-bionic>.
[    5.587554] systemd[1]: Reached target User and Group Name Lookups.
[[0;32m  OK  [0m] Reached target User and Group Name Lookups.
[    5.591991] systemd[1]: Reached target System Time Synchronized.
[[0;32m  OK  [0m] Reached target System Time Synchronized.
[    5.596225] systemd[1]: Set up automount Arbitrary Executable File Formats File System Automount Point.
[[0;32m  OK  [0m] Set up automount Arbitrary Executab…rmats File System Automount Point.
[    5.602537] systemd[1]: Reached target Swap.
[[0;32m  OK  [0m] Reached target Swap.
[    5.607866] systemd[1]: Created slice User and Session Slice.
[[0;32m  OK  [0m] Created slice User and Session Slice.
[    5.612272] systemd[1]: Created slice System Slice.
[[0;32m  OK  [0m] Created slice System Slice.
[[0;32m  OK  [0m] Listening on udev Kernel Socket.
[[0;32m  OK  [0m] Listening on LVM2 poll daemon socket.
[[0;32m  OK  [0m] Listening on /dev/initctl Compatibility Named Pipe.
[[0;32m  OK  [0m] Listening on udev Control Socket.
[[0;32m  OK  [0m] Listening on Journal Socket (/dev/log).
[[0;32m  OK  [0m] Listening on Device-mapper event daemon FIFOs.
[[0;32m  OK  [0m] Created slice system-serial\x2dgetty.slice.
[[0;32m  OK  [0m] Reached target Slices.
[[0;32m  OK  [0m] Listening on Journal Socket.
         Starting Set the console keyboard layout...
         Starting Uncomplicated firewall...
         Starting udev Coldplug all Devices...
         Mounting POSIX Message Queue File System...
         Mounting Huge Pages File System...
[[0;32m  OK  [0m] Listening on fsck to fsckd communication Socket.
         Starting Remount Root and Kernel File Systems...
[[0;32m  OK  [0m] Listening on LVM2 metadata daemon socket.
         Starting Monitoring of LVM2 mirrors…ng dmeventd or progress polling...
         Mounting Kernel Debug File System...
[[0;32m  OK  [0m] Started Forward Password Requests to Wall Directory Watch.
[[0;32m  OK  [0m] Listening on Syslog Socket.
         Starting Load Kernel Modules...
[[0;32m  OK  [0m] Listening on Network Service Netlink Socket.
         Starting Create list of required st…ce nodes for the current kernel...
[[0;32m  OK  [0m] Listening on Journal Audit Socket.
         Starting Journal Service...
[[0;32m  OK  [0m] Started Uncomplicated firewall.
[    5.766629] EXT4-fs (sda1): re-mounted. Opts: (null)
[[0;32m  OK  [0m] Mounted POSIX Message Queue File System.
[[0;32m  OK  [0m] Mounted Huge Pages File System.
[[0;32m  OK  [0[    5.785628] Loading iSCSI transport class v2.0-870.
m] Started Remount Root and Kernel File Systems.
[[0;32m  OK  [0m] Mounted Kernel Debug File System.
[[0;32m  OK  [0m] Started LVM2 metadata daemon.
         Starting Load/Save Random Seed...
[[0;32m  OK  [0m] Started Create list of required sta…vice nodes for the current kernel.
         Starting Create Static Device Nodes in /dev...
[    5.850302] iscsi: registered transport (tcp)
[[0;32m  OK  [0m] Started Journal Service.
         Starting Flush Journal to Persistent Storage...
[[0;32m  OK  [0m] Started udev Coldplug all Devices.
[[0;32m  OK  [0m] Started Load/Save Random Seed.
[[0;32m  OK  [0m] Started Create Static Device Nodes in /dev.
         Starting udev Kernel Device Manager...
[    5.937603] systemd-journald[418]: Received request to flush runtime journal from PID 1
[[0;32m  OK  [0m] Started udev Kernel Device Manager.
[    6.019020] iscsi: registered transport (iser)
[[0;32m  OK  [0m] Started Load Kernel Modules.
         Mounting FUSE Control File System...
         Starting Apply Kernel Variables...
         Mounting Kernel Configuration File System...
[[0;32m  OK  [0m] Started Monitoring of LVM2 mirrors,…sing dmeventd or progress polling.
[[0;32m  OK  [0m] Mounted FUSE Control File System.
[[0;32m  OK  [0m] Mounted Kernel Configuration File System.
[[0;32m  OK  [0m] Started Apply Kernel Variables.
[[0;32m  OK  [0m] Started Flush Journal to Persistent Storage.
[[0;32m  OK  [0m] Found device /dev/ttyS0.
[[0;32m  OK  [0m] Listening on Load/Save RF Kill Switch Status /dev/rfkill Watch.
[[0;32m  OK  [0m] Started Set the console keyboard layout.
[[0;32m  OK  [0m] Reached target Local File Systems (Pre).
[[0;32m  OK  [0m] Reached target Local File Systems.
         Starting ebtables ruleset management...
         Starting Tell Plymouth To Write Out Runtime Data...
         Starting AppArmor initialization...
         Starting Set console font and keymap...
         Starting Create Volatile Files and Directories...
[[0;32m  OK  [0m] Started Dispatch Password Requests to Console Directory Watch.
[[0;32m  OK  [0m] Reached target Local Encrypted Volumes.
[[0;32m  OK  [0m] Started Tell Plymouth To Write Out Runtime Data.
[[0;32m  OK  [0m] Started Set console font and keymap.
[[0;32m  OK  [0m] Started Create Volatile Files and Directories.
         Starting Update UTMP about System Boot/Shutdown...
[[0;32m  OK  [0m] Started Update UTMP about System Boot/Shutdown.
[[0;32m  OK  [0m] Started ebtables ruleset management.
[[0;32m  OK  [0m] Started AppArmor initialization.
         Starting Initial cloud-init job (pre-networking)...
         Starting Load AppArmor profiles managed internally by snapd...
[[0;32m  OK  [0m] Started Load AppArmor profiles managed internally by snapd.
[    9.913704] cloud-init[674]: Cloud-init v. 21.4-0ubuntu1~18.04.1 running 'init-local' at Fri, 11 Feb 2022 23:45:48 +0000. Up 9.54 seconds.
[[0;32m  OK  [0m] Started Initial cloud-init job (pre-networking).
[[0;32m  OK  [0m] Reached target Network (Pre).
         Starting Network Service...
[[0;32m  OK  [0m] Started Network Service.
         Starting Wait for Network to be Configured...
         Starting Network Name Resolution...
[[0;32m  OK  [0m] Started Network Name Resolution.
[[0;32m  OK  [0m] Reached target Network.
[[0;32m  OK  [0m] Reached target Host and Network Name Lookups.
[[0;32m  OK  [0m] Started Wait for Network to be Configured.
         Starting Initial cloud-init job (metadata service crawler)...
[   12.998618] cloud-init[765]: Cloud-init v. 21.4-0ubuntu1~18.04.1 running 'init' at Fri, 11 Feb 2022 23:45:51 +0000. Up 12.55 seconds.
[   13.002318] cloud-init[765]: ci-info: ++++++++++++++++++++++++++++++++++++++Net device info++++++++++++++++++++++++++++++++++++++
[   13.005805] cloud-init[765]: ci-info: +--------+------+----------------------------+---------------+--------+-------------------+
[   13.019845] cloud-init[765]: ci-info: | Device |  Up  |          Address           |      Mask     | Scope  |     Hw-Address    |
[   13.024598] cloud-init[765]: ci-info: +--------+------+----------------------------+---------------+--------+-------------------+
[   13.029582] cloud-init[765]: ci-info: | enp0s3 | True |         10.0.2.15          | 255.255.255.0 | global | 02:e8:64:37:14:18 |
[   13.036915] cloud-init[765]: ci-info: | enp0s3 | True | fe80::e8:64ff:fe37:1418/64 |       .       |  link  | 02:e8:64:37:14:18 |
[   13.040832] cloud-init[765]: ci-info: |   lo   | True |         127.0.0.1          |   255.0.0.0   |  host  |         .         |
[   13.045586] cloud-init[765]: ci-info: |   lo   | True |          ::1/128           |       .       |  host  |         .         |
[   13.049664] cloud-init[765]: ci-info: +--------+------+----------------------------+---------------+--------+-------------------+
[   13.053772] cloud-init[765]: ci-info: ++++++++++++++++++++++++++++Route IPv4 info+++++++++++++++++++++++++++++
[   13.057404] cloud-init[765]: ci-info: +-------+-------------+----------+-----------------+-----------+-------+
[   13.061298] cloud-init[765]: ci-info: | Route | Destination | Gateway  |     Genmask     | Interface | Flags |
[   13.065055] cloud-init[765]: ci-info: +-------+-------------+----------+-----------------+-----------+-------+
[   13.068629] cloud-init[765]: ci-info: |   0   |   0.0.0.0   | 10.0.2.2 |     0.0.0.0     |   enp0s3  |   UG  |
[   13.073672] cloud-init[765]: ci-info: |   1   |   10.0.2.0  | 0.0.0.0  |  255.255.255.0  |   enp0s3  |   U   |
[   13.081560] cloud-init[765]: ci-info: |   2   |   10.0.2.2  | 0.0.0.0  | 255.255.255.255 |   enp0s3  |   UH  |
[   13.085348] cloud-init[765]: ci-info: +-------+-------------+----------+-----------------+-----------+-------+
[   13.090849] cloud-init[765]: ci-info: +++++++++++++++++++Route IPv6 info+++++++++++++++++++
[   13.094373] cloud-init[765]: ci-info: +-------+-------------+---------+-----------+-------+
[   13.101693] cloud-init[765]: ci-info: | Route | Destination | Gateway | Interface | Flags |
[   13.107814] cloud-init[765]: ci-info: +-------+-------------+---------+-----------+-------+
[   13.111496] cloud-init[765]: ci-info: |   1   |  fe80::/64  |    ::   |   enp0s3  |   U   |
[   13.115530] cloud-init[765]: ci-info: |   3   |    local    |    ::   |   enp0s3  |   U   |
[   13.120467] cloud-init[765]: ci-info: |   4   |   ff00::/8  |    ::   |   enp0s3  |   U   |
[   13.132415] cloud-init[765]: ci-info: +-------+-------------+---------+-----------+-------+
[[0;32m  OK  [0m] Started Initial cloud-init job (metadata service crawler).
[[0;32m  OK  [0m] Reached target Cloud-config availability.
[[0;32m  OK  [0m] Reached target System Initialization.
[[0;32m  OK  [0m] Listening on ACPID Listen Socket.
[[0;32m  OK  [0m] Started Ubuntu Advantage Timer for running repeated jobs.
[[0;32m  OK  [0m] Started Daily apt download activities.
         Starting Socket activation for snappy daemon.
         Starting LXD - unix socket.
[[0;32m  OK  [0m] Started Daily Cleanup of Temporary Directories.
[[0;32m  OK  [0m] Started Trigger to poll for Ubuntu …(Only enabled on GCP LTS non-pro).
[[0;32m  OK  [0m] Listening on UUID daemon activation socket.
[[0;32m  OK  [0m] Listening on cloud-init hotplug hook socket.
[[0;32m  OK  [0m] Listening on Open-iSCSI iscsid Socket.
[[0;32m  OK  [0m] Started Message of the Day.
[[0;32m  OK  [0m] Started Daily apt upgrade and clean activities.
[[0;32m  OK  [0m] Started Discard unused blocks once a week.
[[0;32m  OK  [0m] Reached target Timers.
[[0;32m  OK  [0m] Started ACPI Events Check.
[[0;32m  OK  [0m] Reached target Paths.
[[0;32m  OK  [0m] Listening on D-Bus System Message Bus Socket.
[[0;32m  OK  [0m] Reached target Network is Online.
         Starting Availability of block devices...
[[0;32m  OK  [0m] Reached target Remote File Systems (Pre).
         Mounting /vagrant...
[[0;32m  OK  [0m] Listening on Socket activation for snappy daemon.
[[0;32m  OK  [0m] Listening on LXD - unix socket.
[[0;32m  OK  [0m] Started Availability of block devices.
[[0;32m  OK  [0m] Reached target Sockets.
[[0;32m  OK  [0m] Reached target Basic System.
         Starting Login Service...
         Starting LXD - container startup/shutdown...
         Starting LSB: Record successful boot for GRUB...
[[0;32m  OK  [0m] Started D-Bus System Message Bus.
[[0;32m  OK  [0m] Started FUSE filesystem for LXC.
         Starting Accounts Service...
         Starting OpenBSD Secure Shell server...
[[0;32m  OK  [0m] Started Regular background program processing daemon.
[[0;32m  OK  [0m] Started Deferred execution scheduler.
         Starting vboxadd.service...
         Starting System Logging Service...
[[0;32m  OK  [0m] Started irqbalance daemon.
         Starting Dispatcher daemon for systemd-networkd...
         Starting Snap Daemon...
[[0;32m  OK  [0m] Started System Logging Service.
[[0;1;31mFAILED[0m] Failed to mount /vagrant.
See 'systemctl status vagrant.mount' for details.
[[0;1;33mDEPEND[0m] Dependency failed for Remote File Systems.
[[0;32m  OK  [0m] Started LXD - container startup/shutdown.
[[0;32m  OK  [0m] Started Login Service.
         Starting Authorization Manager...
[[0;32m  OK  [0m] Started Unattended Upgrades Shutdown.
         Starting Permit User Sessions...
         Starting LSB: automatic crash report generation...
[[0;32m  OK  [0m] Started Permit User Sessions.
         Starting Hold until boot process finishes up...
         Starting Terminate Plymouth Boot Screen...
[[0;32m  OK  [0m] Started Hold until boot process finishes up.
         Starting Set console scheme...
[[0;32m  OK  [0m] Started Serial Getty on ttyS0.
[[0;32m  OK  [0m] Started Terminate Plymouth Boot Screen.
[[0;32m  OK  [0m] Started OpenBSD Secure Shell server.
[[0;32m  OK  [0m] Started Set console scheme.
[[0;32m  OK  [0m] Created slice system-getty.slice.
[[0;32m  OK  [0m] Started Getty on tty1.
[[0;32m  OK  [0m] Reached target Login Prompts.
[[0;32m  OK  [0m] Started Authorization Manager.
[[0;32m  OK  [0m] Started Accounts Service.
[[0;32m  OK  [0m] Started LSB: Record successful boot for GRUB.
[[0;32m  OK  [0m] Started LSB: automatic crash report generation.
[[0;32m  OK  [0m] Created slice User Slice of vagrant.
         Starting User Manager for UID 1000...
[[0;32m  OK  [0m] Started Session 1 of user vagrant.
[[0;32m  OK  [0m] Started User Manager for UID 1000.
[[0;32m  OK  [0m] Started Snap Daemon.
         Starting Wait until snapd is fully seeded...
[[0;32m  OK  [0m] Started Dispatcher daemon for systemd-networkd.
[[0;32m  OK  [0m] Started Wait until snapd is fully seeded.
         Starting Apply the settings specified in cloud-config...
[[0;32m  OK  [0m] Started vboxadd.service.
         Starting vboxadd-service.service...
[[0;32m  OK  [0m] Started vboxadd-service.service.
[[0;32m  OK  [0m] Reached target Multi-User System.
[[0;32m  OK  [0m] Reached target Graphical Interface.
         Starting Update UTMP about System Runlevel Changes...
[[0;32m  OK  [0m] Started Update UTMP about System Runlevel Changes.
[   18.554660] cloud-init[1164]: Cloud-init v. 21.4-0ubuntu1~18.04.1 running 'modules:config' at Fri, 11 Feb 2022 23:45:57 +0000. Up 18.22 seconds.
[[0;32m  OK  [0m] Started Apply the settings specified in cloud-config.
         Starting Execute cloud user/final scripts...
[   20.035774] cloud-init[1434]: Cloud-init v. 21.4-0ubuntu1~18.04.1 running 'modules:final' at Fri, 11 Feb 2022 23:45:58 +0000. Up 19.77 seconds.
[   20.036002] cloud-init[1434]: Cloud-init v. 21.4-0ubuntu1~18.04.1 finished at Fri, 11 Feb 2022 23:45:59 +0000. Datasource DataSourceNoCloud [seed=/dev/sdb][dsmode=net].  Up 20.02 seconds

Ubuntu 18.04.6 LTS ubuntu-bionic ttyS0

ubuntu-bionic login: [[0;32m  OK  [0m] Stopped Unattended Upgrades Shutdown.
[[0;32m  OK  [0m] Stopped target Host and Network Name Lookups.
         Stopping User Manager for UID 1000...
         Stopping Authorization Manager...
[[0;32m  OK  [0m] Closed Load/Save RF Kill Switch Status /dev/rfkill Watch.
         Stopping Availability of block devices...
[[0;32m  OK  [0m] Stopped target Timers.
[[0;32m  OK  [0m] Stopped Message of the Day.
[[0;32m  OK  [0m] Stopped Discard unused blocks once a week.
[[0;32m  OK  [0m] Stopped Ubuntu Advantage Timer for running repeated jobs.
[[0;32m  OK  [0m] Stopped Daily apt upgrade and clean activities.
[[0;32m  OK  [0m] Stopped Daily apt download activities.
[[0;32m  OK  [0m] Stopped target System Time Synchronized.
[[0;32m  OK  [0m] Stopped target Cloud-init target.
[[0;32m  OK  [0m] Stopped Execute cloud user/final scripts.
[[0;32m  OK  [0m] Stopped Apply the settings specified in cloud-config.
[[0;32m  OK  [0m] Stopped target Graphical Interface.
[[0;32m  OK         Stopping LXD - container startup/shutdown...
         Stopping OpenBSD Secure Shell server...
         Stopping FUSE filesystem for LXC...
         Stopping irqbalance daemon...
[[0;32m  OK  [0m] Stopped Wait until snapd is fully seeded.
         Stopping Regular background program processing daemon...
         Stopping Dispatcher daemon for systemd-networkd...
         Stopping LSB: automatic crash report generation...
         Stopping LSB: Record successful boot for GRUB...
         Stopping vboxadd-service.service...
         Stopping Accounts Service...
         Stopping Session 5 of user vagrant.
         Stopping Getty on tty1...
[[0;32m  OK  [0m] Stopped target Cloud-config availability.
         Unmounting /vagrant...
[[0;32m  OK  [0m] Stopped Daily Cleanup of Temporary Directories.
[[0;32m  OK  [0m] Unmounted /var/lib/lxcfs.
[[0;32m  OK  [0m] Stopped Accounts Service.
[[0;32m  OK  [0m] Stopped Regular background program processing daemon.
[[0;32m  OK  [0m] Stopped Deferred execution scheduler.
[[0;32m  OK  [0m] Stopped System Logging Service.
[[0;32m  OK  [0m] Stopped irqbalance daemon.
[[0;32m  OK  [0m] Stopped Dispatcher daemon for systemd-networkd.
[[0;32m  OK  [0m] Stopped OpenBSD Secure Shell server.
[[0;32m  OK  [0m] Stopped Authorization Manager.
[[0;32m  OK  [0m] Stopped Serial Getty on ttyS0.
[[0;32m  OK  [0m] Stopped Getty on tty1.
[[0;32m  OK  [0m] Stopped User Manager for UID 1000.
[[0;32m  OK  [0m] Stopped Availability of block devices.
[[0;32m  OK  [0m] Stopped D-Bus System Message Bus.
[[0;32m  OK  [0m] Stopped vboxadd-service.service.
[[0;32m  OK  [0m] Unmounted /vagrant.
[[0;32m  OK  [0m] Stopped FUSE filesystem for LXC.
[[0;32m  OK  [0m] Stopped Session 5 of user vagrant.
[[0;32m  OK  [0m] Stopped target Network is Online.
[[0;32m  OK  [0m] Stopped target Remote File Systems (Pre).
         Stopping vboxadd.service...
[[0;32m  OK  [0m] Removed slice User Slice of vagrant.
         Stopping Login Service...
[[0;32m  OK  [0m] Removed slice system-getty.slice.
[[0;32m  OK  [0m] Removed slice system-serial\x2dgetty.slice.
         Stopping Permit User Sessions...
[[0;32m  OK  [0m] Stopped LXD - container startup/shutdown.
[[0;32m  OK  [0m] Stopped LSB: automatic crash report generation.
[[0;32m  OK  [0m] Stopped LSB: Record successful boot for GRUB.
[[0;32m  OK  [0m] Stopped Permit User Sessions.
[[0;32m  OK  [0m] Stopped target Network.
         Stopping Network Name Resolution...
[[0;32m  OK  [0m] Stopped Network Name Resolution.
[[0;32m  OK  [0m] Stopped Login Service.
[[0;32m  OK  [0m] Stopped target User and Group Name Lookups.
[[0;32m  OK  [0m] Stopped vboxadd.service.
[[0;32m  OK  [0m] Stopped target Basic System.
[[0;32m  OK  [0m] Stopped target Slices.
[[0;32m  OK  [0m] Removed slice User and Session Slice.
[[0;32m  OK  [0m] Stopped target Paths.
[[0;32m  OK  [0m] Stopped Trigger to poll for Ubuntu …(Only enabled on GCP LTS non-pro).
[[0;32m  OK  [0m] Stopped ACPI Events Check.
[[0;32m  OK  [0m] Stopped target Sockets.
[[0;32m  OK  [0m] Closed cloud-init hotplug hook socket.
[[0;32m  OK  [0m] Closed D-Bus System Message Bus Socket.
[[0;32m  OK  [0m] Closed Socket activation for snappy daemon.
[[0;32m  OK  [0m] Closed UUID daemon activation socket.
[[0;32m  OK  [0m] Closed ACPID Listen Socket.
[[0;32m  OK  [0m] Closed Open-iSCSI iscsid Socket.
[[0;32m  OK  [0m] Closed LXD - unix socket.
[[0;32m  OK  [0m] Closed Syslog Socket.
[[0;32m  OK  [0m] Stopped target System Initialization.
[[0;32m  OK  [0m] Stopped Initial cloud-init job (metadata service crawler).
[[0;32m  OK  [0m] Stopped Wait for Network to be Configured.
         Stopping Network Service...
         Stopping Load/Save Random Seed...
         Stopping Update UTMP about System Boot/Shutdown...
[[0;32m  OK  [0m] Stopped target Local Encrypted Volumes.
[[0;32m  OK  [0m] Stopped Dispatch Password Requests to Console Directory Watch.
[[0;32m  OK  [0m] Stopped Forward Password Requests to Wall Directory Watch.
[[0;32m  OK  [0m] Stopped Load/Save Random Seed.
[[0;32m  OK  [0m] Stopped Update UTMP about System Boot/Shutdown.
[[0;32m  OK  [0m] Stopped Create Volatile Files and Directories.
[[0;32m  OK  [0m] Stopped target Local File Systems.
         Unmounting /run/user/1000...
[[0;32m  OK  [0m] Stopped Network Service.
[[0;32m  OK  [0m] Stopped target Network (Pre).
[[0;32m  OK  [0m] Stopped Initial cloud-init job (pre-networking).
[[0;32m  OK  [0m] Stopped Apply Kernel Variables.
[[0;32m  OK  [0m] Stopped Load Kernel Modules.
[[0;32m  OK  [0m] Unmounted /run/user/1000.
[[0;32m  OK  [0m] Reached target Unmount All Filesystems.
[[0;32m  OK  [0m] Stopped target Swap.
[[0;32m  OK  [0m] Stopped target Local File Systems (Pre).
         Stopping Monitoring of LVM2 mirrors…ng dmeventd or progress polling...
[[0;32m  OK  [0m] Stopped Remount Root and Kernel File Systems.
[[0;32m  OK  [0m] Stopped Create Static Device Nodes in /dev.
[[0;32m  OK  [0m] Reached target Shutdown.
[[0;32m  OK  [0m] Reached target Final Step.
         Starting Power-Off...
[  555.921981] reboot: Power down
